This file contains any messages produced by compilers while
running configure, to aid debugging if configure makes a mistake.

It was created by configure, which was
generated by GNU Autoconf 2.61.  Invocation command line was

  $ ./configure 

## --------- ##
## Platform. ##
## --------- ##

hostname = flit
uname -m = i686
uname -r = 2.6.22.14-72.fc6
uname -s = Linux
uname -v = #1 SMP Wed Nov 21 15:12:59 EST 2007

/usr/bin/uname -p = unknown
/bin/uname -X     = unknown

/bin/arch              = i686
/usr/bin/arch -k       = unknown
/usr/convex/getsysinfo = unknown
/usr/bin/hostinfo      = unknown
/bin/machine           = unknown
/usr/bin/oslevel       = unknown
/bin/universe          = unknown

PATH: /usr/lib/qt-3.3/bin
PATH: /usr/kerberos/bin
PATH: /usr/local/bin
PATH: /usr/bin
PATH: /bin
PATH: /usr/X11R6/bin
PATH: /home/soa/bin/
PATH: /usr/xenomai/bin
PATH: /home/soa/android-sdk-linux_x86-1.0_r1/tools
PATH: /home/soa/bin
PATH: /home/soa/bin/
PATH: /usr/xenomai/bin
PATH: /home/soa/android-sdk-linux_x86-1.0_r1/tools


## ----------- ##
## Core tests. ##
## ----------- ##

configure:1771: checking for a BSD-compatible install
configure:1827: result: /usr/bin/install -c
configure:1838: checking whether build environment is sane
configure:1881: result: yes
configure:1909: checking for a thread-safe mkdir -p
configure:1948: result: /bin/mkdir -p
configure:1961: checking for gawk
configure:1977: found /usr/bin/gawk
configure:1988: result: gawk
configure:1999: checking whether make sets $(MAKE)
configure:2020: result: yes
configure:2256: checking for gcc
configure:2272: found /usr/bin/gcc
configure:2283: result: gcc
configure:2521: checking for C compiler version
configure:2528: gcc --version >&5
gcc (GCC) 4.1.2 20070626 (Red Hat 4.1.2-13)
Copyright (C) 2006 Free Software Foundation, Inc.
This is free software; see the source for copying conditions.  There is NO
warranty; not even for MERCHANTABILITY or FITNESS FOR A PARTICULAR PURPOSE.

configure:2531: $? = 0
configure:2538: gcc -v >&5
Using built-in specs.
Target: i386-redhat-linux
Configured with: ../configure --prefix=/usr --mandir=/usr/share/man --infodir=/usr/share/info --enable-shared --enable-threads=posix --enable-checking=release --with-system-zlib --enable-__cxa_atexit --disable-libunwind-exceptions --enable-libgcj-multifile --enable-languages=c,c++,objc,obj-c++,java,fortran,ada --enable-java-awt=gtk --disable-dssi --enable-plugin --with-java-home=/usr/lib/jvm/java-1.4.2-gcj-1.4.2.0/jre --with-cpu=generic --host=i386-redhat-linux
Thread model: posix
gcc version 4.1.2 20070626 (Red Hat 4.1.2-13)
configure:2541: $? = 0
configure:2548: gcc -V >&5
gcc: '-V' option must have argument
configure:2551: $? = 1
configure:2574: checking for C compiler default output file name
configure:2601: gcc    conftest.c  >&5
configure:2604: $? = 0
configure:2642: result: a.out
configure:2659: checking whether the C compiler works
configure:2669: ./a.out
configure:2672: $? = 0
configure:2689: result: yes
configure:2696: checking whether we are cross compiling
configure:2698: result: no
configure:2701: checking for suffix of executables
configure:2708: gcc -o conftest    conftest.c  >&5
configure:2711: $? = 0
configure:2735: result: 
configure:2741: checking for suffix of object files
configure:2767: gcc -c   conftest.c >&5
configure:2770: $? = 0
configure:2793: result: o
configure:2797: checking whether we are using the GNU C compiler
configure:2826: gcc -c   conftest.c >&5
configure:2832: $? = 0
configure:2849: result: yes
configure:2854: checking whether gcc accepts -g
configure:2884: gcc -c -g  conftest.c >&5
configure:2890: $? = 0
configure:2989: result: yes
configure:3006: checking for gcc option to accept ISO C89
configure:3080: gcc  -c -g -O2  conftest.c >&5
configure:3086: $? = 0
configure:3109: result: none needed
configure:3138: checking for style of include used by make
configure:3166: result: GNU
configure:3191: checking dependency style of gcc
configure:3282: result: gcc3
configure:3355: checking for g++
configure:3371: found /usr/bin/g++
configure:3382: result: g++
configure:3413: checking for C++ compiler version
configure:3420: g++ --version >&5
g++ (GCC) 4.1.2 20070626 (Red Hat 4.1.2-13)
Copyright (C) 2006 Free Software Foundation, Inc.
This is free software; see the source for copying conditions.  There is NO
warranty; not even for MERCHANTABILITY or FITNESS FOR A PARTICULAR PURPOSE.

configure:3423: $? = 0
configure:3430: g++ -v >&5
Using built-in specs.
Target: i386-redhat-linux
Configured with: ../configure --prefix=/usr --mandir=/usr/share/man --infodir=/usr/share/info --enable-shared --enable-threads=posix --enable-checking=release --with-system-zlib --enable-__cxa_atexit --disable-libunwind-exceptions --enable-libgcj-multifile --enable-languages=c,c++,objc,obj-c++,java,fortran,ada --enable-java-awt=gtk --disable-dssi --enable-plugin --with-java-home=/usr/lib/jvm/java-1.4.2-gcj-1.4.2.0/jre --with-cpu=generic --host=i386-redhat-linux
Thread model: posix
gcc version 4.1.2 20070626 (Red Hat 4.1.2-13)
configure:3433: $? = 0
configure:3440: g++ -V >&5
g++: '-V' option must have argument
configure:3443: $? = 1
configure:3446: checking whether we are using the GNU C++ compiler
configure:3475: g++ -c   conftest.cpp >&5
configure:3481: $? = 0
configure:3498: result: yes
configure:3503: checking whether g++ accepts -g
configure:3533: g++ -c -g  conftest.cpp >&5
configure:3539: $? = 0
configure:3638: result: yes
configure:3663: checking dependency style of g++
configure:3754: result: gcc3
configure:3782: checking for a BSD-compatible install
configure:3838: result: /usr/bin/install -c
configure:3861: checking how to run the C++ preprocessor
configure:3897: g++ -E  conftest.cpp
configure:3903: $? = 0
configure:3934: g++ -E  conftest.cpp
conftest.cpp:10:28: error: ac_nonexistent.h: No such file or directory
configure:3940: $? = 1
configure: failed program was:
| /* confdefs.h.  */
| #define PACKAGE_NAME ""
| #define PACKAGE_TARNAME ""
| #define PACKAGE_VERSION ""
| #define PACKAGE_STRING ""
| #define PACKAGE_BUGREPORT ""
| #define PACKAGE "pam_hotp"
| #define VERSION "0.1"
| /* end confdefs.h.  */
| #include <ac_nonexistent.h>
configure:3973: result: g++ -E
configure:4002: g++ -E  conftest.cpp
configure:4008: $? = 0
configure:4039: g++ -E  conftest.cpp
conftest.cpp:10:28: error: ac_nonexistent.h: No such file or directory
configure:4045: $? = 1
configure: failed program was:
| /* confdefs.h.  */
| #define PACKAGE_NAME ""
| #define PACKAGE_TARNAME ""
| #define PACKAGE_VERSION ""
| #define PACKAGE_STRING ""
| #define PACKAGE_BUGREPORT ""
| #define PACKAGE "pam_hotp"
| #define VERSION "0.1"
| /* end confdefs.h.  */
| #include <ac_nonexistent.h>
configure:4083: checking for grep that handles long lines and -e
configure:4157: result: /bin/grep
configure:4162: checking for egrep
configure:4240: result: /bin/grep -E
configure:4245: checking for ANSI C header files
configure:4275: g++ -c -g -O2  conftest.cpp >&5
configure:4281: $? = 0
configure:4380: g++ -o conftest -g -O2   conftest.cpp  >&5
configure:4383: $? = 0
configure:4389: ./conftest
configure:4392: $? = 0
configure:4409: result: yes
configure:4433: checking for sys/types.h
configure:4454: g++ -c -g -O2  conftest.cpp >&5
configure:4460: $? = 0
configure:4476: result: yes
configure:4433: checking for sys/stat.h
configure:4454: g++ -c -g -O2  conftest.cpp >&5
configure:4460: $? = 0
configure:4476: result: yes
configure:4433: checking for stdlib.h
configure:4454: g++ -c -g -O2  conftest.cpp >&5
configure:4460: $? = 0
configure:4476: result: yes
configure:4433: checking for string.h
configure:4454: g++ -c -g -O2  conftest.cpp >&5
configure:4460: $? = 0
configure:4476: result: yes
configure:4433: checking for memory.h
configure:4454: g++ -c -g -O2  conftest.cpp >&5
configure:4460: $? = 0
configure:4476: result: yes
configure:4433: checking for strings.h
configure:4454: g++ -c -g -O2  conftest.cpp >&5
configure:4460: $? = 0
configure:4476: result: yes
configure:4433: checking for inttypes.h
configure:4454: g++ -c -g -O2  conftest.cpp >&5
configure:4460: $? = 0
configure:4476: result: yes
configure:4433: checking for stdint.h
configure:4454: g++ -c -g -O2  conftest.cpp >&5
configure:4460: $? = 0
configure:4476: result: yes
configure:4433: checking for unistd.h
configure:4454: g++ -c -g -O2  conftest.cpp >&5
configure:4460: $? = 0
configure:4476: result: yes
configure:4498: checking boost/lexical_cast.hpp usability
configure:4515: g++ -c -g -O2  conftest.cpp >&5
configure:4521: $? = 0
configure:4535: result: yes
configure:4539: checking boost/lexical_cast.hpp presence
configure:4554: g++ -E  conftest.cpp
configure:4560: $? = 0
configure:4574: result: yes
configure:4602: checking for boost/lexical_cast.hpp
configure:4609: result: yes
configure:4623: checking for pam_start in -lpam
configure:4658: g++ -o conftest -g -O2   conftest.cpp -lpam   >&5
configure:4664: $? = 0
configure:4682: result: yes
configure:4698: checking for HMAC in -lcrypto
configure:4733: g++ -o conftest -g -O2   conftest.cpp -lcrypto  -lpam  >&5
configure:4739: $? = 0
configure:4757: result: yes
configure:4782: checking openssl/hmac.h usability
configure:4799: g++ -c -g -O2  conftest.cpp >&5
configure:4805: $? = 0
configure:4819: result: yes
configure:4823: checking openssl/hmac.h presence
configure:4838: g++ -E  conftest.cpp
configure:4844: $? = 0
configure:4858: result: yes
configure:4886: checking for openssl/hmac.h
configure:4893: result: yes
configure:5059: creating ./config.status

## ---------------------- ##
## Running config.status. ##
## ---------------------- ##

This file was extended by config.status, which was
generated by GNU Autoconf 2.61.  Invocation command line was

  CONFIG_FILES    = 
  CONFIG_HEADERS  = 
  CONFIG_LINKS    = 
  CONFIG_COMMANDS = 
  $ ./config.status 

on flit

config.status:624: creating Makefile
config.status:815: executing depfiles commands

## ---------------- ##
## Cache variables. ##
## ---------------- ##

ac_cv_c_compiler_gnu=yes
ac_cv_cxx_compiler_gnu=yes
ac_cv_env_CCC_set=
ac_cv_env_CCC_value=
ac_cv_env_CC_set=
ac_cv_env_CC_value=
ac_cv_env_CFLAGS_set=
ac_cv_env_CFLAGS_value=
ac_cv_env_CPPFLAGS_set=
ac_cv_env_CPPFLAGS_value=
ac_cv_env_CXXCPP_set=
ac_cv_env_CXXCPP_value=
ac_cv_env_CXXFLAGS_set=
ac_cv_env_CXXFLAGS_value=
ac_cv_env_CXX_set=
ac_cv_env_CXX_value=
ac_cv_env_LDFLAGS_set=
ac_cv_env_LDFLAGS_value=
ac_cv_env_LIBS_set=
ac_cv_env_LIBS_value=
ac_cv_env_build_alias_set=
ac_cv_env_build_alias_value=
ac_cv_env_host_alias_set=
ac_cv_env_host_alias_value=
ac_cv_env_target_alias_set=
ac_cv_env_target_alias_value=
ac_cv_header_boost_lexical_cast_hpp=yes
ac_cv_header_inttypes_h=yes
ac_cv_header_memory_h=yes
ac_cv_header_openssl_hmac_h=yes
ac_cv_header_stdc=yes
ac_cv_header_stdint_h=yes
ac_cv_header_stdlib_h=yes
ac_cv_header_string_h=yes
ac_cv_header_strings_h=yes
ac_cv_header_sys_stat_h=yes
ac_cv_header_sys_types_h=yes
ac_cv_header_unistd_h=yes
ac_cv_lib_crypto_HMAC=yes
ac_cv_lib_pam_pam_start=yes
ac_cv_objext=o
ac_cv_path_EGREP='/bin/grep -E'
ac_cv_path_GREP=/bin/grep
ac_cv_path_install='/usr/bin/install -c'
ac_cv_path_mkdir=/bin/mkdir
ac_cv_prog_AWK=gawk
ac_cv_prog_CXXCPP='g++ -E'
ac_cv_prog_ac_ct_CC=gcc
ac_cv_prog_ac_ct_CXX=g++
ac_cv_prog_cc_c89=
ac_cv_prog_cc_g=yes
ac_cv_prog_cxx_g=yes
ac_cv_prog_make_make_set=yes
am_cv_CC_dependencies_compiler_type=gcc3
am_cv_CXX_dependencies_compiler_type=gcc3

## ----------------- ##
## Output variables. ##
## ----------------- ##

ACLOCAL='${SHELL} /home/soa/barada/server/missing --run aclocal-1.10'
AMDEPBACKSLASH='\'
AMDEP_FALSE='#'
AMDEP_TRUE=''
AMTAR='${SHELL} /home/soa/barada/server/missing --run tar'
AUTOCONF='${SHELL} /home/soa/barada/server/missing --run autoconf'
AUTOHEADER='${SHELL} /home/soa/barada/server/missing --run autoheader'
AUTOMAKE='${SHELL} /home/soa/barada/server/missing --run automake-1.10'
AWK='gawk'
CC='gcc'
CCDEPMODE='depmode=gcc3'
CFLAGS='-g -O2'
CPPFLAGS=''
CXX='g++'
CXXCPP='g++ -E'
CXXDEPMODE='depmode=gcc3'
CXXFLAGS='-g -O2'
CYGPATH_W='echo'
DEFS='-DPACKAGE_NAME=\"\" -DPACKAGE_TARNAME=\"\" -DPACKAGE_VERSION=\"\" -DPACKAGE_STRING=\"\" -DPACKAGE_BUGREPORT=\"\" -DPACKAGE=\"pam_hotp\" -DVERSION=\"0.1\" -DSTDC_HEADERS=1 -DHAVE_SYS_TYPES_H=1 -DHAVE_SYS_STAT_H=1 -DHAVE_STDLIB_H=1 -DHAVE_STRING_H=1 -DHAVE_MEMORY_H=1 -DHAVE_STRINGS_H=1 -DHAVE_INTTYPES_H=1 -DHAVE_STDINT_H=1 -DHAVE_UNISTD_H=1 -DHAVE_LIBPAM=1 -DHAVE_LIBCRYPTO=1'
DEPDIR='.deps'
ECHO_C=''
ECHO_N='-n'
ECHO_T=''
EGREP='/bin/grep -E'
EXEEXT=''
GREP='/bin/grep'
INSTALL_DATA='${INSTALL} -m 644'
INSTALL_PROGRAM='${INSTALL}'
INSTALL_SCRIPT='${INSTALL}'
INSTALL_STRIP_PROGRAM='$(install_sh) -c -s'
LDFLAGS=''
LIBOBJS=''
LIBS='-lcrypto -lpam '
LTLIBOBJS=''
MAKEINFO='${SHELL} /home/soa/barada/server/missing --run makeinfo'
OBJEXT='o'
PACKAGE='pam_hotp'
PACKAGE_BUGREPORT=''
PACKAGE_NAME=''
PACKAGE_STRING=''
PACKAGE_TARNAME=''
PACKAGE_VERSION=''
PATH_SEPARATOR=':'
SET_MAKE=''
SHELL='/bin/sh'
STRIP=''
VERSION='0.1'
ac_ct_CC='gcc'
ac_ct_CXX='g++'
am__fastdepCC_FALSE='#'
am__fastdepCC_TRUE=''
am__fastdepCXX_FALSE='#'
am__fastdepCXX_TRUE=''
am__include='include'
am__isrc=''
am__leading_dot='.'
am__quote=''
am__tar='${AMTAR} chof - "$$tardir"'
am__untar='${AMTAR} xf -'
bindir='${exec_prefix}/bin'
build_alias=''
datadir='${datarootdir}'
datarootdir='${prefix}/share'
docdir='${datarootdir}/doc/${PACKAGE}'
dvidir='${docdir}'
exec_prefix='${prefix}'
host_alias=''
htmldir='${docdir}'
includedir='${prefix}/include'
infodir='${datarootdir}/info'
install_sh='$(SHELL) /home/soa/barada/server/install-sh'
libdir='${exec_prefix}/lib'
libexecdir='${exec_prefix}/libexec'
localedir='${datarootdir}/locale'
localstatedir='${prefix}/var'
mandir='${datarootdir}/man'
mkdir_p='/bin/mkdir -p'
oldincludedir='/usr/include'
pdfdir='${docdir}'
prefix='/usr/local'
program_transform_name='s,x,x,'
psdir='${docdir}'
sbindir='${exec_prefix}/sbin'
sharedstatedir='${prefix}/com'
sysconfdir='${prefix}/etc'
target_alias=''

## ----------- ##
## confdefs.h. ##
## ----------- ##

#define PACKAGE_NAME ""
#define PACKAGE_TARNAME ""
#define PACKAGE_VERSION ""
#define PACKAGE_STRING ""
#define PACKAGE_BUGREPORT ""
#define PACKAGE "pam_hotp"
#define VERSION "0.1"
#define STDC_HEADERS 1
#define HAVE_SYS_TYPES_H 1
#define HAVE_SYS_STAT_H 1
#define HAVE_STDLIB_H 1
#define HAVE_STRING_H 1
#define HAVE_MEMORY_H 1
#define HAVE_STRINGS_H 1
#define HAVE_INTTYPES_H 1
#define HAVE_STDINT_H 1
#define HAVE_UNISTD_H 1
#define HAVE_LIBPAM 1
#define HAVE_LIBCRYPTO 1

configure: exit 0
